name,outcome,runtime,stacktrace
org.apache.commons.math.analysis.solvers.LaguerreSolverTest#testLinearFunction,PASS,58671679,
org.apache.commons.math.analysis.solvers.LaguerreSolverTest#testParameters,PASS,4698467,
org.apache.commons.math.analysis.solvers.LaguerreSolverTest#testQuadraticFunction,PASS,3465874,
org.apache.commons.math.analysis.solvers.LaguerreSolverTest#testQuinticFunction,PASS,3265278,
org.apache.commons.math.complex.ComplexFieldTest#testOne,PASS,1044630,
org.apache.commons.math.complex.ComplexFieldTest#testZero,PASS,1141462,
org.apache.commons.math.complex.ComplexFormatTest#testDefaultFormatComplex,PASS,10591384,
org.apache.commons.math.complex.ComplexFormatTest#testDifferentImaginaryChar,PASS,767951,
org.apache.commons.math.complex.ComplexFormatTest#testFormatNumber,PASS,2708943,
org.apache.commons.math.complex.ComplexFormatTest#testNan,PASS,742343,
org.apache.commons.math.complex.ComplexFormatTest#testNegativeBoth,PASS,864112,
org.apache.commons.math.complex.ComplexFormatTest#testNegativeImaginary,PASS,818646,
org.apache.commons.math.complex.ComplexFormatTest#testNegativeInfinity,PASS,668214,
org.apache.commons.math.complex.ComplexFormatTest#testNegativeReal,PASS,846538,
org.apache.commons.math.complex.ComplexFormatTest#testParseDifferentImaginaryChar,PASS,865814,
org.apache.commons.math.complex.ComplexFormatTest#testParseNan,PASS,653526,
org.apache.commons.math.complex.ComplexFormatTest#testParseNegativeBoth,PASS,817413,
org.apache.commons.math.complex.ComplexFormatTest#testParseNegativeImaginary,PASS,743917,
org.apache.commons.math.complex.ComplexFormatTest#testParseNegativeReal,PASS,844835,
org.apache.commons.math.complex.ComplexFormatTest#testParsePositiveInfinity,PASS,539182,
org.apache.commons.math.complex.ComplexFormatTest#testParseSimpleNoDecimals,PASS,528892,
org.apache.commons.math.complex.ComplexFormatTest#testParseSimpleWithDecimals,PASS,934704,
org.apache.commons.math.complex.ComplexFormatTest#testParseSimpleWithDecimalsTrunc,PASS,849855,
org.apache.commons.math.complex.ComplexFormatTest#testParseZeroImaginary,PASS,826601,
org.apache.commons.math.complex.ComplexFormatTest#testParseZeroReal,PASS,792236,
org.apache.commons.math.complex.ComplexFormatTest#testPaseNegativeInfinity,PASS,556324,
org.apache.commons.math.complex.ComplexFormatTest#testPositiveInfinity,PASS,506621,
org.apache.commons.math.complex.ComplexFormatTest#testSimpleNoDecimals,PASS,593744,
org.apache.commons.math.complex.ComplexFormatTest#testSimpleWithDecimals,PASS,790744,
org.apache.commons.math.complex.ComplexFormatTest#testSimpleWithDecimalsTrunc,PASS,706025,
org.apache.commons.math.complex.ComplexFormatTest#testTrimOneImaginary,PASS,1090747,
org.apache.commons.math.complex.ComplexFormatTest#testZeroImaginary,PASS,657363,
org.apache.commons.math.complex.ComplexFormatTest#testZeroReal,PASS,744537,
org.apache.commons.math.complex.ComplexTest#testAbs,PASS,844135,
org.apache.commons.math.complex.ComplexTest#testAbsInfinite,PASS,41819,
org.apache.commons.math.complex.ComplexTest#testAbsNaN,PASS,37240,
org.apache.commons.math.complex.ComplexTest#testAcos,PASS,13927565,
org.apache.commons.math.complex.ComplexTest#testAcosInf,PASS,1357598,
org.apache.commons.math.complex.ComplexTest#testAcosNaN,PASS,50846,
org.apache.commons.math.complex.ComplexTest#testAdd,PASS,214603,
org.apache.commons.math.complex.ComplexTest#testAddInf,PASS,519865,
org.apache.commons.math.complex.ComplexTest#testAddNaN,PASS,220053,
org.apache.commons.math.complex.ComplexTest#testAsin,PASS,2521762,
org.apache.commons.math.complex.ComplexTest#testAsinInf,PASS,1312714,
org.apache.commons.math.complex.ComplexTest#testAsinNaN,PASS,58510,
org.apache.commons.math.complex.ComplexTest#testAtan,PASS,2310226,
org.apache.commons.math.complex.ComplexTest#testAtanI,PASS,857219,
org.apache.commons.math.complex.ComplexTest#testAtanInf,PASS,1095426,
org.apache.commons.math.complex.ComplexTest#testAtanNaN,PASS,43281,
org.apache.commons.math.complex.ComplexTest#testConjugate,PASS,40276,
org.apache.commons.math.complex.ComplexTest#testConjugateInfiinite,PASS,34525,
org.apache.commons.math.complex.ComplexTest#testConjugateNaN,PASS,45426,
org.apache.commons.math.complex.ComplexTest#testConstructor,PASS,32862,
org.apache.commons.math.complex.ComplexTest#testConstructorNaN,PASS,36689,
org.apache.commons.math.complex.ComplexTest#testCos,PASS,5752164,
org.apache.commons.math.complex.ComplexTest#testCosInf,PASS,2900292,
org.apache.commons.math.complex.ComplexTest#testCosNaN,PASS,69541,
org.apache.commons.math.complex.ComplexTest#testCosh,PASS,2734030,
org.apache.commons.math.complex.ComplexTest#testCoshInf,PASS,2671333,
org.apache.commons.math.complex.ComplexTest#testCoshNaN,PASS,60002,
org.apache.commons.math.complex.ComplexTest#testDivide,PASS,945104,
org.apache.commons.math.complex.ComplexTest#testDivideImaginary,PASS,985550,
org.apache.commons.math.complex.ComplexTest#testDivideInf,PASS,963548,
org.apache.commons.math.complex.ComplexTest#testDivideNaN,PASS,200095,
org.apache.commons.math.complex.ComplexTest#testDivideNaNInf,PASS,923162,
org.apache.commons.math.complex.ComplexTest#testDivideReal,PASS,899577,
org.apache.commons.math.complex.ComplexTest#testDivideZero,PASS,189045,
org.apache.commons.math.complex.ComplexTest#testDivideZeroZero,PASS,210966,
org.apache.commons.math.complex.ComplexTest#testEqualsClass,PASS,37230,
org.apache.commons.math.complex.ComplexTest#testEqualsImaginaryDifference,PASS,38151,
org.apache.commons.math.complex.ComplexTest#testEqualsNaN,PASS,39544,
org.apache.commons.math.complex.ComplexTest#testEqualsNull,PASS,41819,
org.apache.commons.math.complex.ComplexTest#testEqualsRealDifference,PASS,43962,
org.apache.commons.math.complex.ComplexTest#testEqualsSame,PASS,40816,
org.apache.commons.math.complex.ComplexTest#testEqualsTrue,PASS,37000,
org.apache.commons.math.complex.ComplexTest#testExp,PASS,2386338,
org.apache.commons.math.complex.ComplexTest#testExpInf,PASS,2331394,
org.apache.commons.math.complex.ComplexTest#testExpNaN,PASS,64011,
org.apache.commons.math.complex.ComplexTest#testGetArgument,PASS,819968,
org.apache.commons.math.complex.ComplexTest#testGetArgumentInf,PASS,992272,
org.apache.commons.math.complex.ComplexTest#testGetArgumentNaN,PASS,1116024,
org.apache.commons.math.complex.ComplexTest#testHashCode,PASS,337362,
org.apache.commons.math.complex.ComplexTest#testLog,PASS,2437213,
org.apache.commons.math.complex.ComplexTest#testLogInf,PASS,1131593,
org.apache.commons.math.complex.ComplexTest#testLogNaN,PASS,34384,
org.apache.commons.math.complex.ComplexTest#testLogZero,PASS,892024,
org.apache.commons.math.complex.ComplexTest#testMath221,PASS,171822,
org.apache.commons.math.complex.ComplexTest#testMultiply,PASS,222166,
org.apache.commons.math.complex.ComplexTest#testMultiplyInfInf,PASS,167965,
org.apache.commons.math.complex.ComplexTest#testMultiplyNaN,PASS,168957,
org.apache.commons.math.complex.ComplexTest#testMultiplyNaNInf,PASS,307768,
org.apache.commons.math.complex.ComplexTest#testNegate,PASS,31910,
org.apache.commons.math.complex.ComplexTest#testNegateNaN,PASS,35336,
org.apache.commons.math.complex.ComplexTest#testNthRoot_cornercase_NAN_Inf,PASS,45796,
org.apache.commons.math.complex.ComplexTest#testNthRoot_cornercase_thirdRoot_imaginaryPartEmpty,PASS,1746107,
org.apache.commons.math.complex.ComplexTest#testNthRoot_cornercase_thirdRoot_realPartZero,PASS,1654144,
org.apache.commons.math.complex.ComplexTest#testNthRoot_normal_fourthRoot,PASS,1603369,
org.apache.commons.math.complex.ComplexTest#testNthRoot_normal_thirdRoot,PASS,6115987,
org.apache.commons.math.complex.ComplexTest#testPow,PASS,2132512,
org.apache.commons.math.complex.ComplexTest#testPowInf,PASS,1125512,
org.apache.commons.math.complex.ComplexTest#testPowNaNBase,PASS,156413,
org.apache.commons.math.complex.ComplexTest#testPowNaNExponent,PASS,1684652,
org.apache.commons.math.complex.ComplexTest#testPowZero,PASS,1960559,
org.apache.commons.math.complex.ComplexTest#testReciprocal,PASS,601108,
org.apache.commons.math.complex.ComplexTest#testReciprocalImaginary,PASS,623410,
org.apache.commons.math.complex.ComplexTest#testReciprocalInf,PASS,35446,
org.apache.commons.math.complex.ComplexTest#testReciprocalNaN,PASS,39925,
org.apache.commons.math.complex.ComplexTest#testReciprocalReal,PASS,598383,
org.apache.commons.math.complex.ComplexTest#testReciprocalZero,PASS,30326,
org.apache.commons.math.complex.ComplexTest#testScalarAdd,PASS,153078,
org.apache.commons.math.complex.ComplexTest#testScalarAddInf,PASS,156834,
org.apache.commons.math.complex.ComplexTest#testScalarAddNaN,PASS,153368,
org.apache.commons.math.complex.ComplexTest#testScalarDivide,PASS,728938,
org.apache.commons.math.complex.ComplexTest#testScalarDivideInf,PASS,939973,
org.apache.commons.math.complex.ComplexTest#testScalarDivideNaN,PASS,149781,
org.apache.commons.math.complex.ComplexTest#testScalarDivideZero,PASS,358934,
org.apache.commons.math.complex.ComplexTest#testScalarMultiply,PASS,149321,
org.apache.commons.math.complex.ComplexTest#testScalarMultiplyInf,PASS,163987,
org.apache.commons.math.complex.ComplexTest#testScalarMultiplyNaN,PASS,159580,
org.apache.commons.math.complex.ComplexTest#testScalarPow,PASS,1761986,
org.apache.commons.math.complex.ComplexTest#testScalarPowInf,PASS,865624,
org.apache.commons.math.complex.ComplexTest#testScalarPowNaNBase,PASS,160351,
org.apache.commons.math.complex.ComplexTest#testScalarPowNaNExponent,PASS,1751907,
org.apache.commons.math.complex.ComplexTest#testScalarPowZero,PASS,1935051,
org.apache.commons.math.complex.ComplexTest#testScalarSubtract,PASS,157726,
org.apache.commons.math.complex.ComplexTest#testScalarSubtractInf,PASS,154420,
org.apache.commons.math.complex.ComplexTest#testScalarSubtractNaN,PASS,145403,
org.apache.commons.math.complex.ComplexTest#testSerial,PASS,1527797,
org.apache.commons.math.complex.ComplexTest#testSin,PASS,1875229,
org.apache.commons.math.complex.ComplexTest#testSinInf,PASS,1901398,
org.apache.commons.math.complex.ComplexTest#testSinNaN,PASS,26139,
org.apache.commons.math.complex.ComplexTest#testSinh,PASS,1738873,
org.apache.commons.math.complex.ComplexTest#testSinhInf,PASS,1780021,
org.apache.commons.math.complex.ComplexTest#testSinhNaN,PASS,27853,
org.apache.commons.math.complex.ComplexTest#testSqrt1z,PASS,1092510,
org.apache.commons.math.complex.ComplexTest#testSqrt1zNaN,PASS,152305,
org.apache.commons.math.complex.ComplexTest#testSqrtImaginaryNegative,PASS,870183,
org.apache.commons.math.complex.ComplexTest#testSqrtImaginaryZero,PASS,843774,
org.apache.commons.math.complex.ComplexTest#testSqrtInf,PASS,838783,
org.apache.commons.math.complex.ComplexTest#testSqrtNaN,PASS,25749,
org.apache.commons.math.complex.ComplexTest#testSqrtPolar,PASS,1125412,
org.apache.commons.math.complex.ComplexTest#testSqrtRealNegative,PASS,860845,
org.apache.commons.math.complex.ComplexTest#testSqrtRealPositive,PASS,829928,
org.apache.commons.math.complex.ComplexTest#testSqrtRealZero,PASS,861907,
org.apache.commons.math.complex.ComplexTest#testSubtract,PASS,164859,
org.apache.commons.math.complex.ComplexTest#testSubtractInf,PASS,194044,
org.apache.commons.math.complex.ComplexTest#testSubtractNaN,PASS,147296,
org.apache.commons.math.complex.ComplexTest#testTan,FAIL,2647919,java.lang.AssertionError: expected:<1.0> but was:<NaN> at org.junit.Assert.fail(Assert.java:88) at org.junit.Assert.failNotEquals(Assert.java:834) at org.junit.Assert.assertEquals(Assert.java:553) at org.junit.Assert.assertEquals(Assert.java:683) at org.apache.commons.math.TestUtils.assertEquals(TestUtils.java:95) at org.apache.commons.math.complex.ComplexTest.testTan(ComplexTest.java:1002) at java.base/jdk.internal.reflect.NativeMethodAccessorImpl.invoke0(Native Method) at java.base/jdk.internal.reflect.NativeMethodAccessorImpl.invoke(NativeMethodAccessorImpl.java:62) at java.base/jdk.internal.reflect.DelegatingMethodAccessorImpl.invoke(DelegatingMethodAccessorImpl.java:43) at java.base/java.lang.reflect.Method.invoke(Method.java:566) at org.junit.runners.model.FrameworkMethod$1.runReflectiveCall(FrameworkMethod.java:50) at org.junit.internal.runners.model.ReflectiveCallable.run(ReflectiveCallable.java:12) at org.junit.runners.model.FrameworkMethod.invokeExplosively(FrameworkMethod.java:47) at org.junit.internal.runners.statements.InvokeMethod.evaluate(InvokeMethod.java:17) at org.junit.runners.ParentRunner.runLeaf(ParentRunner.java:325) at org.junit.runners.BlockJUnit4ClassRunner.runChild(BlockJUnit4ClassRunner.java:78) at org.junit.runners.BlockJUnit4ClassRunner.runChild(BlockJUnit4ClassRunner.java:57) at org.junit.runners.ParentRunner$3.run(ParentRunner.java:290) at org.junit.runners.ParentRunner$1.schedule(ParentRunner.java:71) at org.junit.runners.ParentRunner.runChildren(ParentRunner.java:288) at org.junit.runners.ParentRunner.access$000(ParentRunner.java:58) at org.junit.runners.ParentRunner$2.evaluate(ParentRunner.java:268) at org.junit.runners.ParentRunner.run(ParentRunner.java:363) at org.junit.runner.JUnitCore.run(JUnitCore.java:137) at org.junit.runner.JUnitCore.run(JUnitCore.java:115) at com.gzoltar.internal.core.test.junit.JUnitTestTask.call(JUnitTestTask.java:57) at com.gzoltar.internal.core.test.junit.JUnitTestTask.call(JUnitTestTask.java:25) at java.base/java.util.concurrent.FutureTask.run(FutureTask.java:264) at java.base/java.lang.Thread.run(Thread.java:834)
org.apache.commons.math.complex.ComplexTest#testTanCritical,PASS,1893032,
org.apache.commons.math.complex.ComplexTest#testTanInf,FAIL,973567,java.lang.AssertionError: expected:<1.0> but was:<NaN> at org.junit.Assert.fail(Assert.java:88) at org.junit.Assert.failNotEquals(Assert.java:834) at org.junit.Assert.assertEquals(Assert.java:553) at org.junit.Assert.assertEquals(Assert.java:683) at org.apache.commons.math.TestUtils.assertSame(TestUtils.java:77) at org.apache.commons.math.TestUtils.assertSame(TestUtils.java:86) at org.apache.commons.math.complex.ComplexTest.testTanInf(ComplexTest.java:1015) at java.base/jdk.internal.reflect.NativeMethodAccessorImpl.invoke0(Native Method) at java.base/jdk.internal.reflect.NativeMethodAccessorImpl.invoke(NativeMethodAccessorImpl.java:62) at java.base/jdk.internal.reflect.DelegatingMethodAccessorImpl.invoke(DelegatingMethodAccessorImpl.java:43) at java.base/java.lang.reflect.Method.invoke(Method.java:566) at org.junit.runners.model.FrameworkMethod$1.runReflectiveCall(FrameworkMethod.java:50) at org.junit.internal.runners.model.ReflectiveCallable.run(ReflectiveCallable.java:12) at org.junit.runners.model.FrameworkMethod.invokeExplosively(FrameworkMethod.java:47) at org.junit.internal.runners.statements.InvokeMethod.evaluate(InvokeMethod.java:17) at org.junit.runners.ParentRunner.runLeaf(ParentRunner.java:325) at org.junit.runners.BlockJUnit4ClassRunner.runChild(BlockJUnit4ClassRunner.java:78) at org.junit.runners.BlockJUnit4ClassRunner.runChild(BlockJUnit4ClassRunner.java:57) at org.junit.runners.ParentRunner$3.run(ParentRunner.java:290) at org.junit.runners.ParentRunner$1.schedule(ParentRunner.java:71) at org.junit.runners.ParentRunner.runChildren(ParentRunner.java:288) at org.junit.runners.ParentRunner.access$000(ParentRunner.java:58) at org.junit.runners.ParentRunner$2.evaluate(ParentRunner.java:268) at org.junit.runners.ParentRunner.run(ParentRunner.java:363) at org.junit.runner.JUnitCore.run(JUnitCore.java:137) at org.junit.runner.JUnitCore.run(JUnitCore.java:115) at com.gzoltar.internal.core.test.junit.JUnitTestTask.call(JUnitTestTask.java:57) at com.gzoltar.internal.core.test.junit.JUnitTestTask.call(JUnitTestTask.java:25) at java.base/java.util.concurrent.FutureTask.run(FutureTask.java:264) at java.base/java.lang.Thread.run(Thread.java:834)
org.apache.commons.math.complex.ComplexTest#testTanNaN,PASS,25317,
org.apache.commons.math.complex.ComplexTest#testTanh,FAIL,1960419,java.lang.AssertionError: expected:<1.0> but was:<NaN> at org.junit.Assert.fail(Assert.java:88) at org.junit.Assert.failNotEquals(Assert.java:834) at org.junit.Assert.assertEquals(Assert.java:553) at org.junit.Assert.assertEquals(Assert.java:683) at org.apache.commons.math.TestUtils.assertEquals(TestUtils.java:94) at org.apache.commons.math.complex.ComplexTest.testTanh(ComplexTest.java:1039) at java.base/jdk.internal.reflect.NativeMethodAccessorImpl.invoke0(Native Method) at java.base/jdk.internal.reflect.NativeMethodAccessorImpl.invoke(NativeMethodAccessorImpl.java:62) at java.base/jdk.internal.reflect.DelegatingMethodAccessorImpl.invoke(DelegatingMethodAccessorImpl.java:43) at java.base/java.lang.reflect.Method.invoke(Method.java:566) at org.junit.runners.model.FrameworkMethod$1.runReflectiveCall(FrameworkMethod.java:50) at org.junit.internal.runners.model.ReflectiveCallable.run(ReflectiveCallable.java:12) at org.junit.runners.model.FrameworkMethod.invokeExplosively(FrameworkMethod.java:47) at org.junit.internal.runners.statements.InvokeMethod.evaluate(InvokeMethod.java:17) at org.junit.runners.ParentRunner.runLeaf(ParentRunner.java:325) at org.junit.runners.BlockJUnit4ClassRunner.runChild(BlockJUnit4ClassRunner.java:78) at org.junit.runners.BlockJUnit4ClassRunner.runChild(BlockJUnit4ClassRunner.java:57) at org.junit.runners.ParentRunner$3.run(ParentRunner.java:290) at org.junit.runners.ParentRunner$1.schedule(ParentRunner.java:71) at org.junit.runners.ParentRunner.runChildren(ParentRunner.java:288) at org.junit.runners.ParentRunner.access$000(ParentRunner.java:58) at org.junit.runners.ParentRunner$2.evaluate(ParentRunner.java:268) at org.junit.runners.ParentRunner.run(ParentRunner.java:363) at org.junit.runner.JUnitCore.run(JUnitCore.java:137) at org.junit.runner.JUnitCore.run(JUnitCore.java:115) at com.gzoltar.internal.core.test.junit.JUnitTestTask.call(JUnitTestTask.java:57) at com.gzoltar.internal.core.test.junit.JUnitTestTask.call(JUnitTestTask.java:25) at java.base/java.util.concurrent.FutureTask.run(FutureTask.java:264) at java.base/java.lang.Thread.run(Thread.java:834)
org.apache.commons.math.complex.ComplexTest#testTanhCritical,PASS,1809115,
org.apache.commons.math.complex.ComplexTest#testTanhInf,FAIL,1984384,java.lang.AssertionError: expected:<1.0> but was:<NaN> at org.junit.Assert.fail(Assert.java:88) at org.junit.Assert.failNotEquals(Assert.java:834) at org.junit.Assert.assertEquals(Assert.java:553) at org.junit.Assert.assertEquals(Assert.java:683) at org.apache.commons.math.TestUtils.assertSame(TestUtils.java:77) at org.apache.commons.math.TestUtils.assertSame(TestUtils.java:85) at org.apache.commons.math.complex.ComplexTest.testTanhInf(ComplexTest.java:1054) at java.base/jdk.internal.reflect.NativeMethodAccessorImpl.invoke0(Native Method) at java.base/jdk.internal.reflect.NativeMethodAccessorImpl.invoke(NativeMethodAccessorImpl.java:62) at java.base/jdk.internal.reflect.DelegatingMethodAccessorImpl.invoke(DelegatingMethodAccessorImpl.java:43) at java.base/java.lang.reflect.Method.invoke(Method.java:566) at org.junit.runners.model.FrameworkMethod$1.runReflectiveCall(FrameworkMethod.java:50) at org.junit.internal.runners.model.ReflectiveCallable.run(ReflectiveCallable.java:12) at org.junit.runners.model.FrameworkMethod.invokeExplosively(FrameworkMethod.java:47) at org.junit.internal.runners.statements.InvokeMethod.evaluate(InvokeMethod.java:17) at org.junit.runners.ParentRunner.runLeaf(ParentRunner.java:325) at org.junit.runners.BlockJUnit4ClassRunner.runChild(BlockJUnit4ClassRunner.java:78) at org.junit.runners.BlockJUnit4ClassRunner.runChild(BlockJUnit4ClassRunner.java:57) at org.junit.runners.ParentRunner$3.run(ParentRunner.java:290) at org.junit.runners.ParentRunner$1.schedule(ParentRunner.java:71) at org.junit.runners.ParentRunner.runChildren(ParentRunner.java:288) at org.junit.runners.ParentRunner.access$000(ParentRunner.java:58) at org.junit.runners.ParentRunner$2.evaluate(ParentRunner.java:268) at org.junit.runners.ParentRunner.run(ParentRunner.java:363) at org.junit.runner.JUnitCore.run(JUnitCore.java:137) at org.junit.runner.JUnitCore.run(JUnitCore.java:115) at com.gzoltar.internal.core.test.junit.JUnitTestTask.call(JUnitTestTask.java:57) at com.gzoltar.internal.core.test.junit.JUnitTestTask.call(JUnitTestTask.java:25) at java.base/java.util.concurrent.FutureTask.run(FutureTask.java:264) at java.base/java.lang.Thread.run(Thread.java:834)
org.apache.commons.math.complex.ComplexTest#testTanhNaN,PASS,32731,
org.apache.commons.math.complex.ComplexTest#testpowNull,PASS,1326108,
org.apache.commons.math.complex.ComplexUtilsTest#testPolar2Complex,PASS,2834209,
org.apache.commons.math.complex.ComplexUtilsTest#testPolar2ComplexIllegalModulus,PASS,1034792,
org.apache.commons.math.complex.ComplexUtilsTest#testPolar2ComplexInf,PASS,865775,
org.apache.commons.math.complex.ComplexUtilsTest#testPolar2ComplexNaN,PASS,922221,
org.apache.commons.math.complex.FrenchComplexFormatTest#testDefaultFormatComplex,PASS,834446,
org.apache.commons.math.complex.FrenchComplexFormatTest#testDifferentImaginaryChar,PASS,453431,
org.apache.commons.math.complex.FrenchComplexFormatTest#testFormatNumber,PASS,621276,
org.apache.commons.math.complex.FrenchComplexFormatTest#testNan,PASS,427802,
org.apache.commons.math.complex.FrenchComplexFormatTest#testNegativeBoth,PASS,587022,
org.apache.commons.math.complex.FrenchComplexFormatTest#testNegativeImaginary,PASS,578626,
org.apache.commons.math.complex.FrenchComplexFormatTest#testNegativeInfinity,PASS,404920,
org.apache.commons.math.complex.FrenchComplexFormatTest#testNegativeReal,PASS,869040,
org.apache.commons.math.complex.FrenchComplexFormatTest#testParseDifferentImaginaryChar,PASS,655049,
org.apache.commons.math.complex.FrenchComplexFormatTest#testParseNan,PASS,453190,
org.apache.commons.math.complex.FrenchComplexFormatTest#testParseNegativeBoth,PASS,579127,
org.apache.commons.math.complex.FrenchComplexFormatTest#testParseNegativeImaginary,PASS,672732,
org.apache.commons.math.complex.FrenchComplexFormatTest#testParseNegativeReal,PASS,584847,
org.apache.commons.math.complex.FrenchComplexFormatTest#testParsePositiveInfinity,PASS,466575,
org.apache.commons.math.complex.FrenchComplexFormatTest#testParseSimpleNoDecimals,PASS,428765,
org.apache.commons.math.complex.FrenchComplexFormatTest#testParseSimpleWithDecimals,PASS,902473,
org.apache.commons.math.complex.FrenchComplexFormatTest#testParseSimpleWithDecimalsTrunc,PASS,581872,
org.apache.commons.math.complex.FrenchComplexFormatTest#testParseZeroImaginary,PASS,594836,
org.apache.commons.math.complex.FrenchComplexFormatTest#testParseZeroReal,PASS,545674,
org.apache.commons.math.complex.FrenchComplexFormatTest#testPaseNegativeInfinity,PASS,435988,
org.apache.commons.math.complex.FrenchComplexFormatTest#testPositiveInfinity,PASS,430398,
org.apache.commons.math.complex.FrenchComplexFormatTest#testSimpleNoDecimals,PASS,429546,
org.apache.commons.math.complex.FrenchComplexFormatTest#testSimpleWithDecimals,PASS,681759,
org.apache.commons.math.complex.FrenchComplexFormatTest#testSimpleWithDecimalsTrunc,PASS,611868,
org.apache.commons.math.complex.FrenchComplexFormatTest#testTrimOneImaginary,PASS,858631,
org.apache.commons.math.complex.FrenchComplexFormatTest#testZeroImaginary,PASS,568657,
org.apache.commons.math.complex.FrenchComplexFormatTest#testZeroReal,PASS,528341,
org.apache.commons.math.transform.FastCosineTransformerTest#testAdHocData[0],PASS,2351473,
org.apache.commons.math.transform.FastCosineTransformerTest#testAdHocData[1],PASS,2989350,
org.apache.commons.math.transform.FastCosineTransformerTest#testInverseTransformFunctionInvalidBounds[0],PASS,1657880,
org.apache.commons.math.transform.FastCosineTransformerTest#testInverseTransformFunctionInvalidBounds[1],PASS,1318755,
org.apache.commons.math.transform.FastCosineTransformerTest#testInverseTransformFunctionInvalidDataSize[0],PASS,2175643,
org.apache.commons.math.transform.FastCosineTransformerTest#testInverseTransformFunctionInvalidDataSize[1],PASS,2151888,
org.apache.commons.math.transform.FastCosineTransformerTest#testInverseTransformFunctionNotStrictlyPositiveNumberOfSamples[0],PASS,1263992,
org.apache.commons.math.transform.FastCosineTransformerTest#testInverseTransformFunctionNotStrictlyPositiveNumberOfSamples[1],PASS,1731319,
org.apache.commons.math.transform.FastCosineTransformerTest#testInverseTransformFunction[0],PASS,4142633,
org.apache.commons.math.transform.FastCosineTransformerTest#testInverseTransformFunction[1],PASS,3430628,
org.apache.commons.math.transform.FastCosineTransformerTest#testInverseTransformRealInvalidDataSize[0],PASS,1517919,
org.apache.commons.math.transform.FastCosineTransformerTest#testInverseTransformRealInvalidDataSize[1],PASS,2108347,
org.apache.commons.math.transform.FastCosineTransformerTest#testInverseTransformReal[0],PASS,3289142,
org.apache.commons.math.transform.FastCosineTransformerTest#testInverseTransformReal[1],PASS,3119053,
org.apache.commons.math.transform.FastCosineTransformerTest#testParameters[0],PASS,2338779,
org.apache.commons.math.transform.FastCosineTransformerTest#testParameters[1],PASS,2317379,
org.apache.commons.math.transform.FastCosineTransformerTest#testSinFunction[0],PASS,2288895,
org.apache.commons.math.transform.FastCosineTransformerTest#testSinFunction[1],PASS,2286100,
org.apache.commons.math.transform.FastCosineTransformerTest#testTransformFunctionInvalidBounds[0],PASS,1530342,
org.apache.commons.math.transform.FastCosineTransformerTest#testTransformFunctionInvalidBounds[1],PASS,1674192,
org.apache.commons.math.transform.FastCosineTransformerTest#testTransformFunctionInvalidDataSize[0],PASS,2416825,
org.apache.commons.math.transform.FastCosineTransformerTest#testTransformFunctionInvalidDataSize[1],PASS,2609307,
org.apache.commons.math.transform.FastCosineTransformerTest#testTransformFunctionNotStrictlyPositiveNumberOfSamples[0],PASS,1508591,
org.apache.commons.math.transform.FastCosineTransformerTest#testTransformFunctionNotStrictlyPositiveNumberOfSamples[1],PASS,1466692,
org.apache.commons.math.transform.FastCosineTransformerTest#testTransformFunction[0],PASS,3808226,
org.apache.commons.math.transform.FastCosineTransformerTest#testTransformFunction[1],PASS,3561102,
org.apache.commons.math.transform.FastCosineTransformerTest#testTransformRealInvalidDataSize[0],PASS,1522106,
org.apache.commons.math.transform.FastCosineTransformerTest#testTransformRealInvalidDataSize[1],PASS,2111002,
org.apache.commons.math.transform.FastCosineTransformerTest#testTransformReal[0],PASS,3455714,
org.apache.commons.math.transform.FastCosineTransformerTest#testTransformReal[1],PASS,3145513,
org.apache.commons.math.transform.FastFourierTransformerTest#test2DData,PASS,1706783,
org.apache.commons.math.transform.FastFourierTransformerTest#test2DDataUnitary,PASS,1812340,
org.apache.commons.math.transform.FastFourierTransformerTest#testAdHocData,PASS,1564826,
org.apache.commons.math.transform.FastFourierTransformerTest#testSinFunction,PASS,3029905,
org.apache.commons.math.transform.FastFourierTransformerTest#testStandardInverseTransformComplex,PASS,3858721,
org.apache.commons.math.transform.FastFourierTransformerTest#testStandardInverseTransformComplexSizeNotAPowerOfTwo,PASS,2450659,
org.apache.commons.math.transform.FastFourierTransformerTest#testStandardInverseTransformFunction,PASS,3947618,
org.apache.commons.math.transform.FastFourierTransformerTest#testStandardInverseTransformFunctionInvalidBounds,PASS,1476180,
org.apache.commons.math.transform.FastFourierTransformerTest#testStandardInverseTransformFunctionNotStrictlyPositiveNumberOfSamples,PASS,1523449,
org.apache.commons.math.transform.FastFourierTransformerTest#testStandardInverseTransformFunctionSizeNotAPowerOfTwo,PASS,2719694,
org.apache.commons.math.transform.FastFourierTransformerTest#testStandardInverseTransformReal,PASS,3832221,
org.apache.commons.math.transform.FastFourierTransformerTest#testStandardInverseTransformRealSizeNotAPowerOfTwo,PASS,1653463,
org.apache.commons.math.transform.FastFourierTransformerTest#testStandardTransformComplex,PASS,3540714,
org.apache.commons.math.transform.FastFourierTransformerTest#testStandardTransformComplexSizeNotAPowerOfTwo,PASS,2394895,
org.apache.commons.math.transform.FastFourierTransformerTest#testStandardTransformFunction,PASS,3859802,
org.apache.commons.math.transform.FastFourierTransformerTest#testStandardTransformFunctionInvalidBounds,PASS,1457665,
org.apache.commons.math.transform.FastFourierTransformerTest#testStandardTransformFunctionNotStrictlyPositiveNumberOfSamples,PASS,1445462,
org.apache.commons.math.transform.FastFourierTransformerTest#testStandardTransformFunctionSizeNotAPowerOfTwo,PASS,2361832,
org.apache.commons.math.transform.FastFourierTransformerTest#testStandardTransformReal,PASS,3806473,
org.apache.commons.math.transform.FastFourierTransformerTest#testStandardTransformRealSizeNotAPowerOfTwo,PASS,1534098,
org.apache.commons.math.transform.FastFourierTransformerTest#testUnitaryInverseTransformComplex,PASS,3742032,
org.apache.commons.math.transform.FastFourierTransformerTest#testUnitaryInverseTransformComplexSizeNotAPowerOfTwo,PASS,2468111,
org.apache.commons.math.transform.FastFourierTransformerTest#testUnitaryInverseTransformFunction,PASS,3928693,
org.apache.commons.math.transform.FastFourierTransformerTest#testUnitaryInverseTransformFunctionInvalidBounds,PASS,1611604,
org.apache.commons.math.transform.FastFourierTransformerTest#testUnitaryInverseTransformFunctionNotStrictlyPositiveNumberOfSamples,PASS,1411108,
org.apache.commons.math.transform.FastFourierTransformerTest#testUnitaryInverseTransformFunctionSizeNotAPowerOfTwo,PASS,2275970,
org.apache.commons.math.transform.FastFourierTransformerTest#testUnitaryInverseTransformReal,PASS,3757982,
org.apache.commons.math.transform.FastFourierTransformerTest#testUnitaryInverseTransformRealSizeNotAPowerOfTwo,PASS,2117333,
org.apache.commons.math.transform.FastFourierTransformerTest#testUnitaryTransformComplex,PASS,3669376,
org.apache.commons.math.transform.FastFourierTransformerTest#testUnitaryTransformComplexSizeNotAPowerOfTwo,PASS,2278786,
org.apache.commons.math.transform.FastFourierTransformerTest#testUnitaryTransformFunction,PASS,3995948,
org.apache.commons.math.transform.FastFourierTransformerTest#testUnitaryTransformFunctionInvalidBounds,PASS,1447557,
org.apache.commons.math.transform.FastFourierTransformerTest#testUnitaryTransformFunctionNotStrictlyPositiveNumberOfSamples,PASS,1513189,
org.apache.commons.math.transform.FastFourierTransformerTest#testUnitaryTransformFunctionSizeNotAPowerOfTwo,PASS,2456499,
org.apache.commons.math.transform.FastFourierTransformerTest#testUnitaryTransformReal,PASS,4092490,
org.apache.commons.math.transform.FastFourierTransformerTest#testUnitaryTransformRealSizeNotAPowerOfTwo,PASS,2153922,
org.apache.commons.math.transform.FastSineTransformerTest#testAdHocData[0],PASS,2238981,
org.apache.commons.math.transform.FastSineTransformerTest#testAdHocData[1],PASS,1800739,
org.apache.commons.math.transform.FastSineTransformerTest#testInverseTransformFunctionInvalidBounds[0],PASS,1356927,
org.apache.commons.math.transform.FastSineTransformerTest#testInverseTransformFunctionInvalidBounds[1],PASS,1343491,
org.apache.commons.math.transform.FastSineTransformerTest#testInverseTransformFunctionInvalidDataSize[0],PASS,2148111,
org.apache.commons.math.transform.FastSineTransformerTest#testInverseTransformFunctionInvalidDataSize[1],PASS,2113336,
org.apache.commons.math.transform.FastSineTransformerTest#testInverseTransformFunctionNotStrictlyPositiveNumberOfSamples[0],PASS,1367717,
org.apache.commons.math.transform.FastSineTransformerTest#testInverseTransformFunctionNotStrictlyPositiveNumberOfSamples[1],PASS,1407551,
org.apache.commons.math.transform.FastSineTransformerTest#testInverseTransformFunction[0],PASS,5006405,
org.apache.commons.math.transform.FastSineTransformerTest#testInverseTransformFunction[1],PASS,3679485,
org.apache.commons.math.transform.FastSineTransformerTest#testInverseTransformRealFirstElementNotZero[0],PASS,1620381,
org.apache.commons.math.transform.FastSineTransformerTest#testInverseTransformRealFirstElementNotZero[1],PASS,2378964,
org.apache.commons.math.transform.FastSineTransformerTest#testInverseTransformRealInvalidDataSize[0],PASS,1504003,
org.apache.commons.math.transform.FastSineTransformerTest#testInverseTransformRealInvalidDataSize[1],PASS,2218694,
org.apache.commons.math.transform.FastSineTransformerTest#testInverseTransformReal[0],PASS,3202379,
org.apache.commons.math.transform.FastSineTransformerTest#testInverseTransformReal[1],PASS,3344807,
org.apache.commons.math.transform.FastSineTransformerTest#testParameters[0],PASS,2573659,
org.apache.commons.math.transform.FastSineTransformerTest#testParameters[1],PASS,2572778,
org.apache.commons.math.transform.FastSineTransformerTest#testSinFunction[0],PASS,3505097,
org.apache.commons.math.transform.FastSineTransformerTest#testSinFunction[1],PASS,3293230,
org.apache.commons.math.transform.FastSineTransformerTest#testTransformFunctionInvalidBounds[0],PASS,1636972,
org.apache.commons.math.transform.FastSineTransformerTest#testTransformFunctionInvalidBounds[1],PASS,1449119,
org.apache.commons.math.transform.FastSineTransformerTest#testTransformFunctionInvalidDataSize[0],PASS,2322398,
org.apache.commons.math.transform.FastSineTransformerTest#testTransformFunctionInvalidDataSize[1],PASS,2298133,
org.apache.commons.math.transform.FastSineTransformerTest#testTransformFunctionNotStrictlyPositiveNumberOfSamples[0],PASS,1246719,
org.apache.commons.math.transform.FastSineTransformerTest#testTransformFunctionNotStrictlyPositiveNumberOfSamples[1],PASS,1264533,
org.apache.commons.math.transform.FastSineTransformerTest#testTransformFunction[0],PASS,3534503,
org.apache.commons.math.transform.FastSineTransformerTest#testTransformFunction[1],PASS,3092954,
org.apache.commons.math.transform.FastSineTransformerTest#testTransformRealFirstElementNotZero[0],PASS,1325387,
org.apache.commons.math.transform.FastSineTransformerTest#testTransformRealFirstElementNotZero[1],PASS,2013318,
org.apache.commons.math.transform.FastSineTransformerTest#testTransformRealInvalidDataSize[0],PASS,5009290,
org.apache.commons.math.transform.FastSineTransformerTest#testTransformRealInvalidDataSize[1],PASS,2240073,
org.apache.commons.math.transform.FastSineTransformerTest#testTransformReal[0],PASS,2830602,
org.apache.commons.math.transform.FastSineTransformerTest#testTransformReal[1],PASS,2777572,
