### BUG_REPORT
Title: MultivariateNormalDistribution.density(double[]) returns wrong value when the dimension is odd

Description:
To reproduce:

Assert.assertEquals(0.398942280401433, new MultivariateNormalDistribution(new double[]{0}, new double[][]{{1}}).density(new double[]{0}), 1e-15);


### FAILING_TEST
org.apache.commons.math3.distribution.MixtureMultivariateRealDistribution.density(double[])
org.apache.commons.math3.distribution.MultivariateNormalDistribution.sample()
org.apache.commons.math3.random.RandomDataGenerator.RandomDataGenerator()
org.apache.commons.math3.distribution.MultivariateNormalDistribution.density(double[])
org.apache.commons.math3.distribution.NormalDistribution.NormalDistribution(RandomGenerator,double,double,double)


### CODE_SNIPPETS


------------------------------------------------------------------------------------------
Function: org.apache.commons.math3.distribution.MixtureMultivariateRealDistribution.density(double[])
------------------------------------------------------------------------------------------
public double density(final double[] values) {
        double p = 0;
        for (int i = 0; i < weight.length; i++) {
            p += weight[i] * distribution.get(i).density(values);
        }
        return p;
    }

------------------------------------------------------------------------------------------

Function: org.apache.commons.math3.distribution.MultivariateNormalDistribution.sample()
------------------------------------------------------------------------------------------
@Override
    public double[] sample() {
        final int dim = getDimension();
        final double[] normalVals = new double[dim];

        for (int i = 0; i < dim; i++) {
            normalVals[i] = random.nextGaussian();
        }

        final double[] vals = samplingMatrix.operate(normalVals);

        for (int i = 0; i < dim; i++) {
            vals[i] += means[i];
        }

        return vals;
    }

------------------------------------------------------------------------------------------

Function: org.apache.commons.math3.random.RandomDataGenerator.RandomDataGenerator()
------------------------------------------------------------------------------------------
public RandomDataGenerator() {
    }

------------------------------------------------------------------------------------------

Function: org.apache.commons.math3.distribution.MultivariateNormalDistribution.density(double[])
------------------------------------------------------------------------------------------
public double density(final double[] vals) throws DimensionMismatchException {
        final int dim = getDimension();
        if (vals.length != dim) {
            throw new DimensionMismatchException(vals.length, dim);
        }

        return FastMath.pow(2 * FastMath.PI, -0.5 * dim) *
            FastMath.pow(covarianceMatrixDeterminant, -0.5) *
            getExponentTerm(vals);
    }

------------------------------------------------------------------------------------------

Function: org.apache.commons.math3.distribution.NormalDistribution.NormalDistribution(RandomGenerator,double,double,double)
------------------------------------------------------------------------------------------
public NormalDistribution() {
        this(0, 1);
    }

------------------------------------------------------------------------------------------



### FAILURE_TRACE

------------------------------------------------------------------------------------------
Fail #1
Test: org.apache.commons.math3.distribution.MultivariateNormalDistributionTest#testUnivariateDistribution
Runtime: 19002128
------------------------------------------------------------------------------------------
java.lang.AssertionError: expected:<0.012653699286561942> but was:<0.03171812041037428> at org.junit.Assert.fail(Assert.java:88) at org.junit.Assert.failNotEquals(Assert.java:834) at org.junit.Assert.assertEquals(Assert.java:553) at org.junit.Assert.assertEquals(Assert.java:683) at org.apache.commons.math3.distribution.MultivariateNormalDistributionTest.testUnivariateDistribution(MultivariateNormalDistributionTest.java:151) at java.base/jdk.internal.reflect.NativeMethodAccessorImpl.invoke0(Native Method) at java.base/jdk.internal.reflect.NativeMethodAccessorImpl.invoke(NativeMethodAccessorImpl.java:62) at java.base/jdk.internal.reflect.DelegatingMethodAccessorImpl.invoke(DelegatingMethodAccessorImpl.java:43) at java.base/java.lang.reflect.Method.invoke(Method.java:566) at org.junit.runners.model.FrameworkMethod$1.runReflectiveCall(FrameworkMethod.java:50) at org.junit.internal.runners.model.ReflectiveCallable.run(ReflectiveCallable.java:12) at org.junit.runners.model.FrameworkMethod.invokeExplosively(FrameworkMethod.java:47) at org.junit.internal.runners.statements.InvokeMethod.evaluate(InvokeMethod.java:17) at org.junit.runners.ParentRunner.runLeaf(ParentRunner.java:325) at org.junit.runners.BlockJUnit4ClassRunner.runChild(BlockJUnit4ClassRunner.java:78) at org.junit.runners.BlockJUnit4ClassRunner.runChild(BlockJUnit4ClassRunner.java:57) at org.junit.runners.ParentRunner$3.run(ParentRunner.java:290) at org.junit.runners.ParentRunner$1.schedule(ParentRunner.java:71) at org.junit.runners.ParentRunner.runChildren(ParentRunner.java:288) at org.junit.runners.ParentRunner.access$000(ParentRunner.java:58) at org.junit.runners.ParentRunner$2.evaluate(ParentRunner.java:268) at org.junit.runners.ParentRunner.run(ParentRunner.java:363) at org.junit.runner.JUnitCore.run(JUnitCore.java:137) at org.junit.runner.JUnitCore.run(JUnitCore.java:115) at com.gzoltar.internal.core.test.junit.JUnitTestTask.call(JUnitTestTask.java:57) at com.gzoltar.internal.core.test.junit.JUnitTestTask.call(JUnitTestTask.java:25) at java.base/java.util.concurrent.FutureTask.run(FutureTask.java:264) at java.base/java.lang.Thread.run(Thread.java:834)
