name,outcome,runtime,stacktrace
org.apache.commons.math.ode.JacobianMatricesTest#testAnalyticalDifferentiation,PASS,139074606,
org.apache.commons.math.ode.JacobianMatricesTest#testFinalResult,PASS,10988641,
org.apache.commons.math.ode.JacobianMatricesTest#testHighAccuracyExternalDifferentiation,PASS,205943442,
org.apache.commons.math.ode.JacobianMatricesTest#testInternalDifferentiation,PASS,38422303,
org.apache.commons.math.ode.JacobianMatricesTest#testLowAccuracyExternalDifferentiation,PASS,24926437,
org.apache.commons.math.ode.JacobianMatricesTest#testParameterizable,PASS,8424069,
org.apache.commons.math.stat.CertifiedDataTest#testDescriptiveStatistics,PASS,14408018,
org.apache.commons.math.stat.CertifiedDataTest#testSummaryStatistics,PASS,8118405,
org.apache.commons.math.stat.data.LewTest#testCertifiedValues,PASS,12577983,
org.apache.commons.math.stat.data.LotteryTest#testCertifiedValues,PASS,6202780,
org.apache.commons.math.stat.descriptive.AggregateSummaryStatisticsTest#testAggregate,PASS,6247444,
org.apache.commons.math.stat.descriptive.AggregateSummaryStatisticsTest#testAggregateDegenerate,PASS,3785553,
org.apache.commons.math.stat.descriptive.AggregateSummaryStatisticsTest#testAggregateSpecialValues,PASS,3750718,
org.apache.commons.math.stat.descriptive.AggregateSummaryStatisticsTest#testAggregation,PASS,9221405,
org.apache.commons.math.stat.descriptive.AggregateSummaryStatisticsTest#testAggregationConsistency,PASS,5368665,
org.apache.commons.math.stat.descriptive.DescriptiveStatisticsTest#test20090720,PASS,3101410,
org.apache.commons.math.stat.descriptive.DescriptiveStatisticsTest#testCopy,PASS,2369567,
org.apache.commons.math.stat.descriptive.DescriptiveStatisticsTest#testGetValues,PASS,3076904,
org.apache.commons.math.stat.descriptive.DescriptiveStatisticsTest#testPercentileSetter,PASS,4095345,
org.apache.commons.math.stat.descriptive.DescriptiveStatisticsTest#testRemoval,PASS,2753677,
org.apache.commons.math.stat.descriptive.DescriptiveStatisticsTest#testSetterInjection,PASS,2138222,
org.apache.commons.math.stat.descriptive.DescriptiveStatisticsTest#testShuffledStatistics,PASS,4350494,
org.apache.commons.math.stat.descriptive.DescriptiveStatisticsTest#testSummaryConsistency,PASS,5414500,
org.apache.commons.math.stat.descriptive.DescriptiveStatisticsTest#testToString,PASS,3155472,
org.apache.commons.math.stat.descriptive.DescriptiveStatisticsTest#testWindowSize,PASS,3590157,
org.apache.commons.math.stat.descriptive.SummaryStatisticsTest#testCopy,PASS,2854336,
org.apache.commons.math.stat.descriptive.SummaryStatisticsTest#testEqualsAndHashCode,PASS,2766932,
org.apache.commons.math.stat.descriptive.SummaryStatisticsTest#testGetSummary,PASS,4006157,
org.apache.commons.math.stat.descriptive.SummaryStatisticsTest#testN0andN1Conditions,PASS,3790202,
org.apache.commons.math.stat.descriptive.SummaryStatisticsTest#testNaNContracts,PASS,2466108,
org.apache.commons.math.stat.descriptive.SummaryStatisticsTest#testOverrideGeoMeanWithMathClass,FAIL,3121017,java.lang.AssertionError: expected:<2.213363839400643> but was:<NaN> at org.junit.Assert.fail(Assert.java:88) at org.junit.Assert.failNotEquals(Assert.java:834) at org.junit.Assert.assertEquals(Assert.java:553) at org.junit.Assert.assertEquals(Assert.java:683) at org.apache.commons.math.stat.descriptive.SummaryStatisticsTest.testOverrideGeoMeanWithMathClass(SummaryStatisticsTest.java:346) at java.base/jdk.internal.reflect.NativeMethodAccessorImpl.invoke0(Native Method) at java.base/jdk.internal.reflect.NativeMethodAccessorImpl.invoke(NativeMethodAccessorImpl.java:62) at java.base/jdk.internal.reflect.DelegatingMethodAccessorImpl.invoke(DelegatingMethodAccessorImpl.java:43) at java.base/java.lang.reflect.Method.invoke(Method.java:566) at org.junit.runners.model.FrameworkMethod$1.runReflectiveCall(FrameworkMethod.java:50) at org.junit.internal.runners.model.ReflectiveCallable.run(ReflectiveCallable.java:12) at org.junit.runners.model.FrameworkMethod.invokeExplosively(FrameworkMethod.java:47) at org.junit.internal.runners.statements.InvokeMethod.evaluate(InvokeMethod.java:17) at org.junit.runners.ParentRunner.runLeaf(ParentRunner.java:325) at org.junit.runners.BlockJUnit4ClassRunner.runChild(BlockJUnit4ClassRunner.java:78) at org.junit.runners.BlockJUnit4ClassRunner.runChild(BlockJUnit4ClassRunner.java:57) at org.junit.runners.ParentRunner$3.run(ParentRunner.java:290) at org.junit.runners.ParentRunner$1.schedule(ParentRunner.java:71) at org.junit.runners.ParentRunner.runChildren(ParentRunner.java:288) at org.junit.runners.ParentRunner.access$000(ParentRunner.java:58) at org.junit.runners.ParentRunner$2.evaluate(ParentRunner.java:268) at org.junit.runners.ParentRunner.run(ParentRunner.java:363) at org.junit.runner.JUnitCore.run(JUnitCore.java:137) at org.junit.runner.JUnitCore.run(JUnitCore.java:115) at com.gzoltar.internal.core.test.junit.JUnitTestTask.call(JUnitTestTask.java:57) at com.gzoltar.internal.core.test.junit.JUnitTestTask.call(JUnitTestTask.java:25) at java.base/java.util.concurrent.FutureTask.run(FutureTask.java:264) at java.base/java.lang.Thread.run(Thread.java:834)
org.apache.commons.math.stat.descriptive.SummaryStatisticsTest#testOverrideMeanWithMathClass,FAIL,2821645,java.lang.AssertionError: expected:<2.5> but was:<NaN> at org.junit.Assert.fail(Assert.java:88) at org.junit.Assert.failNotEquals(Assert.java:834) at org.junit.Assert.assertEquals(Assert.java:553) at org.junit.Assert.assertEquals(Assert.java:683) at org.apache.commons.math.stat.descriptive.SummaryStatisticsTest.testOverrideMeanWithMathClass(SummaryStatisticsTest.java:335) at java.base/jdk.internal.reflect.NativeMethodAccessorImpl.invoke0(Native Method) at java.base/jdk.internal.reflect.NativeMethodAccessorImpl.invoke(NativeMethodAccessorImpl.java:62) at java.base/jdk.internal.reflect.DelegatingMethodAccessorImpl.invoke(DelegatingMethodAccessorImpl.java:43) at java.base/java.lang.reflect.Method.invoke(Method.java:566) at org.junit.runners.model.FrameworkMethod$1.runReflectiveCall(FrameworkMethod.java:50) at org.junit.internal.runners.model.ReflectiveCallable.run(ReflectiveCallable.java:12) at org.junit.runners.model.FrameworkMethod.invokeExplosively(FrameworkMethod.java:47) at org.junit.internal.runners.statements.InvokeMethod.evaluate(InvokeMethod.java:17) at org.junit.runners.ParentRunner.runLeaf(ParentRunner.java:325) at org.junit.runners.BlockJUnit4ClassRunner.runChild(BlockJUnit4ClassRunner.java:78) at org.junit.runners.BlockJUnit4ClassRunner.runChild(BlockJUnit4ClassRunner.java:57) at org.junit.runners.ParentRunner$3.run(ParentRunner.java:290) at org.junit.runners.ParentRunner$1.schedule(ParentRunner.java:71) at org.junit.runners.ParentRunner.runChildren(ParentRunner.java:288) at org.junit.runners.ParentRunner.access$000(ParentRunner.java:58) at org.junit.runners.ParentRunner$2.evaluate(ParentRunner.java:268) at org.junit.runners.ParentRunner.run(ParentRunner.java:363) at org.junit.runner.JUnitCore.run(JUnitCore.java:137) at org.junit.runner.JUnitCore.run(JUnitCore.java:115) at com.gzoltar.internal.core.test.junit.JUnitTestTask.call(JUnitTestTask.java:57) at com.gzoltar.internal.core.test.junit.JUnitTestTask.call(JUnitTestTask.java:25) at java.base/java.util.concurrent.FutureTask.run(FutureTask.java:264) at java.base/java.lang.Thread.run(Thread.java:834)
org.apache.commons.math.stat.descriptive.SummaryStatisticsTest#testOverrideVarianceWithMathClass,FAIL,2625707,java.lang.AssertionError: expected:<1.25> but was:<NaN> at org.junit.Assert.fail(Assert.java:88) at org.junit.Assert.failNotEquals(Assert.java:834) at org.junit.Assert.assertEquals(Assert.java:553) at org.junit.Assert.assertEquals(Assert.java:683) at org.apache.commons.math.stat.descriptive.SummaryStatisticsTest.testOverrideVarianceWithMathClass(SummaryStatisticsTest.java:324) at java.base/jdk.internal.reflect.NativeMethodAccessorImpl.invoke0(Native Method) at java.base/jdk.internal.reflect.NativeMethodAccessorImpl.invoke(NativeMethodAccessorImpl.java:62) at java.base/jdk.internal.reflect.DelegatingMethodAccessorImpl.invoke(DelegatingMethodAccessorImpl.java:43) at java.base/java.lang.reflect.Method.invoke(Method.java:566) at org.junit.runners.model.FrameworkMethod$1.runReflectiveCall(FrameworkMethod.java:50) at org.junit.internal.runners.model.ReflectiveCallable.run(ReflectiveCallable.java:12) at org.junit.runners.model.FrameworkMethod.invokeExplosively(FrameworkMethod.java:47) at org.junit.internal.runners.statements.InvokeMethod.evaluate(InvokeMethod.java:17) at org.junit.runners.ParentRunner.runLeaf(ParentRunner.java:325) at org.junit.runners.BlockJUnit4ClassRunner.runChild(BlockJUnit4ClassRunner.java:78) at org.junit.runners.BlockJUnit4ClassRunner.runChild(BlockJUnit4ClassRunner.java:57) at org.junit.runners.ParentRunner$3.run(ParentRunner.java:290) at org.junit.runners.ParentRunner$1.schedule(ParentRunner.java:71) at org.junit.runners.ParentRunner.runChildren(ParentRunner.java:288) at org.junit.runners.ParentRunner.access$000(ParentRunner.java:58) at org.junit.runners.ParentRunner$2.evaluate(ParentRunner.java:268) at org.junit.runners.ParentRunner.run(ParentRunner.java:363) at org.junit.runner.JUnitCore.run(JUnitCore.java:137) at org.junit.runner.JUnitCore.run(JUnitCore.java:115) at com.gzoltar.internal.core.test.junit.JUnitTestTask.call(JUnitTestTask.java:57) at com.gzoltar.internal.core.test.junit.JUnitTestTask.call(JUnitTestTask.java:25) at java.base/java.util.concurrent.FutureTask.run(FutureTask.java:264) at java.base/java.lang.Thread.run(Thread.java:834)
org.apache.commons.math.stat.descriptive.SummaryStatisticsTest#testProductAndGeometricMean,PASS,2326045,
org.apache.commons.math.stat.descriptive.SummaryStatisticsTest#testSerialization,PASS,11424819,
org.apache.commons.math.stat.descriptive.SummaryStatisticsTest#testSetterIllegalState,PASS,3270687,
org.apache.commons.math.stat.descriptive.SummaryStatisticsTest#testSetterInjection,PASS,2306849,
org.apache.commons.math.stat.descriptive.SummaryStatisticsTest#testStats,PASS,2213483,
org.apache.commons.math.stat.descriptive.SynchronizedDescriptiveStatisticsTest#test20090720,PASS,2477540,
org.apache.commons.math.stat.descriptive.SynchronizedDescriptiveStatisticsTest#testCopy,PASS,2718722,
org.apache.commons.math.stat.descriptive.SynchronizedDescriptiveStatisticsTest#testGetValues,PASS,2555606,
org.apache.commons.math.stat.descriptive.SynchronizedDescriptiveStatisticsTest#testPercentileSetter,PASS,3685036,
org.apache.commons.math.stat.descriptive.SynchronizedDescriptiveStatisticsTest#testRemoval,PASS,2954495,
org.apache.commons.math.stat.descriptive.SynchronizedDescriptiveStatisticsTest#testSetterInjection,PASS,2272354,
org.apache.commons.math.stat.descriptive.SynchronizedDescriptiveStatisticsTest#testShuffledStatistics,PASS,4428992,
org.apache.commons.math.stat.descriptive.SynchronizedDescriptiveStatisticsTest#testSummaryConsistency,PASS,5279939,
org.apache.commons.math.stat.descriptive.SynchronizedDescriptiveStatisticsTest#testToString,PASS,2571986,
org.apache.commons.math.stat.descriptive.SynchronizedDescriptiveStatisticsTest#testWindowSize,PASS,4665325,
org.apache.commons.math.stat.descriptive.SynchronizedSummaryStatisticsTest#testCopy,PASS,3607951,
org.apache.commons.math.stat.descriptive.SynchronizedSummaryStatisticsTest#testEqualsAndHashCode,PASS,3781136,
org.apache.commons.math.stat.descriptive.SynchronizedSummaryStatisticsTest#testGetSummary,PASS,3393738,
org.apache.commons.math.stat.descriptive.SynchronizedSummaryStatisticsTest#testN0andN1Conditions,PASS,3032400,
org.apache.commons.math.stat.descriptive.SynchronizedSummaryStatisticsTest#testNaNContracts,PASS,2753978,
org.apache.commons.math.stat.descriptive.SynchronizedSummaryStatisticsTest#testOverrideGeoMeanWithMathClass,FAIL,3520948,java.lang.AssertionError: expected:<2.213363839400643> but was:<NaN> at org.junit.Assert.fail(Assert.java:88) at org.junit.Assert.failNotEquals(Assert.java:834) at org.junit.Assert.assertEquals(Assert.java:553) at org.junit.Assert.assertEquals(Assert.java:683) at org.apache.commons.math.stat.descriptive.SummaryStatisticsTest.testOverrideGeoMeanWithMathClass(SummaryStatisticsTest.java:346) at java.base/jdk.internal.reflect.NativeMethodAccessorImpl.invoke0(Native Method) at java.base/jdk.internal.reflect.NativeMethodAccessorImpl.invoke(NativeMethodAccessorImpl.java:62) at java.base/jdk.internal.reflect.DelegatingMethodAccessorImpl.invoke(DelegatingMethodAccessorImpl.java:43) at java.base/java.lang.reflect.Method.invoke(Method.java:566) at org.junit.runners.model.FrameworkMethod$1.runReflectiveCall(FrameworkMethod.java:50) at org.junit.internal.runners.model.ReflectiveCallable.run(ReflectiveCallable.java:12) at org.junit.runners.model.FrameworkMethod.invokeExplosively(FrameworkMethod.java:47) at org.junit.internal.runners.statements.InvokeMethod.evaluate(InvokeMethod.java:17) at org.junit.runners.ParentRunner.runLeaf(ParentRunner.java:325) at org.junit.runners.BlockJUnit4ClassRunner.runChild(BlockJUnit4ClassRunner.java:78) at org.junit.runners.BlockJUnit4ClassRunner.runChild(BlockJUnit4ClassRunner.java:57) at org.junit.runners.ParentRunner$3.run(ParentRunner.java:290) at org.junit.runners.ParentRunner$1.schedule(ParentRunner.java:71) at org.junit.runners.ParentRunner.runChildren(ParentRunner.java:288) at org.junit.runners.ParentRunner.access$000(ParentRunner.java:58) at org.junit.runners.ParentRunner$2.evaluate(ParentRunner.java:268) at org.junit.runners.ParentRunner.run(ParentRunner.java:363) at org.junit.runner.JUnitCore.run(JUnitCore.java:137) at org.junit.runner.JUnitCore.run(JUnitCore.java:115) at com.gzoltar.internal.core.test.junit.JUnitTestTask.call(JUnitTestTask.java:57) at com.gzoltar.internal.core.test.junit.JUnitTestTask.call(JUnitTestTask.java:25) at java.base/java.util.concurrent.FutureTask.run(FutureTask.java:264) at java.base/java.lang.Thread.run(Thread.java:834)
org.apache.commons.math.stat.descriptive.SynchronizedSummaryStatisticsTest#testOverrideMeanWithMathClass,FAIL,2670562,java.lang.AssertionError: expected:<2.5> but was:<NaN> at org.junit.Assert.fail(Assert.java:88) at org.junit.Assert.failNotEquals(Assert.java:834) at org.junit.Assert.assertEquals(Assert.java:553) at org.junit.Assert.assertEquals(Assert.java:683) at org.apache.commons.math.stat.descriptive.SummaryStatisticsTest.testOverrideMeanWithMathClass(SummaryStatisticsTest.java:335) at java.base/jdk.internal.reflect.NativeMethodAccessorImpl.invoke0(Native Method) at java.base/jdk.internal.reflect.NativeMethodAccessorImpl.invoke(NativeMethodAccessorImpl.java:62) at java.base/jdk.internal.reflect.DelegatingMethodAccessorImpl.invoke(DelegatingMethodAccessorImpl.java:43) at java.base/java.lang.reflect.Method.invoke(Method.java:566) at org.junit.runners.model.FrameworkMethod$1.runReflectiveCall(FrameworkMethod.java:50) at org.junit.internal.runners.model.ReflectiveCallable.run(ReflectiveCallable.java:12) at org.junit.runners.model.FrameworkMethod.invokeExplosively(FrameworkMethod.java:47) at org.junit.internal.runners.statements.InvokeMethod.evaluate(InvokeMethod.java:17) at org.junit.runners.ParentRunner.runLeaf(ParentRunner.java:325) at org.junit.runners.BlockJUnit4ClassRunner.runChild(BlockJUnit4ClassRunner.java:78) at org.junit.runners.BlockJUnit4ClassRunner.runChild(BlockJUnit4ClassRunner.java:57) at org.junit.runners.ParentRunner$3.run(ParentRunner.java:290) at org.junit.runners.ParentRunner$1.schedule(ParentRunner.java:71) at org.junit.runners.ParentRunner.runChildren(ParentRunner.java:288) at org.junit.runners.ParentRunner.access$000(ParentRunner.java:58) at org.junit.runners.ParentRunner$2.evaluate(ParentRunner.java:268) at org.junit.runners.ParentRunner.run(ParentRunner.java:363) at org.junit.runner.JUnitCore.run(JUnitCore.java:137) at org.junit.runner.JUnitCore.run(JUnitCore.java:115) at com.gzoltar.internal.core.test.junit.JUnitTestTask.call(JUnitTestTask.java:57) at com.gzoltar.internal.core.test.junit.JUnitTestTask.call(JUnitTestTask.java:25) at java.base/java.util.concurrent.FutureTask.run(FutureTask.java:264) at java.base/java.lang.Thread.run(Thread.java:834)
org.apache.commons.math.stat.descriptive.SynchronizedSummaryStatisticsTest#testOverrideVarianceWithMathClass,FAIL,2595019,java.lang.AssertionError: expected:<1.25> but was:<NaN> at org.junit.Assert.fail(Assert.java:88) at org.junit.Assert.failNotEquals(Assert.java:834) at org.junit.Assert.assertEquals(Assert.java:553) at org.junit.Assert.assertEquals(Assert.java:683) at org.apache.commons.math.stat.descriptive.SummaryStatisticsTest.testOverrideVarianceWithMathClass(SummaryStatisticsTest.java:324) at java.base/jdk.internal.reflect.NativeMethodAccessorImpl.invoke0(Native Method) at java.base/jdk.internal.reflect.NativeMethodAccessorImpl.invoke(NativeMethodAccessorImpl.java:62) at java.base/jdk.internal.reflect.DelegatingMethodAccessorImpl.invoke(DelegatingMethodAccessorImpl.java:43) at java.base/java.lang.reflect.Method.invoke(Method.java:566) at org.junit.runners.model.FrameworkMethod$1.runReflectiveCall(FrameworkMethod.java:50) at org.junit.internal.runners.model.ReflectiveCallable.run(ReflectiveCallable.java:12) at org.junit.runners.model.FrameworkMethod.invokeExplosively(FrameworkMethod.java:47) at org.junit.internal.runners.statements.InvokeMethod.evaluate(InvokeMethod.java:17) at org.junit.runners.ParentRunner.runLeaf(ParentRunner.java:325) at org.junit.runners.BlockJUnit4ClassRunner.runChild(BlockJUnit4ClassRunner.java:78) at org.junit.runners.BlockJUnit4ClassRunner.runChild(BlockJUnit4ClassRunner.java:57) at org.junit.runners.ParentRunner$3.run(ParentRunner.java:290) at org.junit.runners.ParentRunner$1.schedule(ParentRunner.java:71) at org.junit.runners.ParentRunner.runChildren(ParentRunner.java:288) at org.junit.runners.ParentRunner.access$000(ParentRunner.java:58) at org.junit.runners.ParentRunner$2.evaluate(ParentRunner.java:268) at org.junit.runners.ParentRunner.run(ParentRunner.java:363) at org.junit.runner.JUnitCore.run(JUnitCore.java:137) at org.junit.runner.JUnitCore.run(JUnitCore.java:115) at com.gzoltar.internal.core.test.junit.JUnitTestTask.call(JUnitTestTask.java:57) at com.gzoltar.internal.core.test.junit.JUnitTestTask.call(JUnitTestTask.java:25) at java.base/java.util.concurrent.FutureTask.run(FutureTask.java:264) at java.base/java.lang.Thread.run(Thread.java:834)
org.apache.commons.math.stat.descriptive.SynchronizedSummaryStatisticsTest#testProductAndGeometricMean,PASS,2489431,
org.apache.commons.math.stat.descriptive.SynchronizedSummaryStatisticsTest#testSerialization,PASS,6722606,
org.apache.commons.math.stat.descriptive.SynchronizedSummaryStatisticsTest#testSetterIllegalState,PASS,3563708,
org.apache.commons.math.stat.descriptive.SynchronizedSummaryStatisticsTest#testSetterInjection,PASS,2340873,
org.apache.commons.math.stat.descriptive.SynchronizedSummaryStatisticsTest#testStats,PASS,2341785,
org.apache.commons.math.stat.inference.TTestTest#testOneSampleT,PASS,4529590,
org.apache.commons.math.stat.inference.TTestTest#testOneSampleTTest,PASS,4192909,
org.apache.commons.math.stat.inference.TTestTest#testPaired,PASS,3056716,
org.apache.commons.math.stat.inference.TTestTest#testSmallSamples,PASS,2993649,
org.apache.commons.math.stat.inference.TTestTest#testTwoSampleTHeterscedastic,PASS,4109491,
org.apache.commons.math.stat.inference.TTestTest#testTwoSampleTHomoscedastic,PASS,3007764,
org.apache.commons.math.stat.inference.TestUtilsTest#testChiSquare,PASS,4105204,
org.apache.commons.math.stat.inference.TestUtilsTest#testChiSquareIndependence,PASS,4248132,
org.apache.commons.math.stat.inference.TestUtilsTest#testChiSquareLargeTestStatistic,PASS,3208672,
org.apache.commons.math.stat.inference.TestUtilsTest#testChiSquareZeroCount,PASS,3095479,
org.apache.commons.math.stat.inference.TestUtilsTest#testOneSampleT,PASS,4468004,
org.apache.commons.math.stat.inference.TestUtilsTest#testOneSampleTTest,PASS,4482882,
org.apache.commons.math.stat.inference.TestUtilsTest#testOneWayAnovaUtils,PASS,3317545,
org.apache.commons.math.stat.inference.TestUtilsTest#testPaired,PASS,3370986,
org.apache.commons.math.stat.inference.TestUtilsTest#testSmallSamples,PASS,3427692,
org.apache.commons.math.stat.inference.TestUtilsTest#testTwoSampleTHeterscedastic,PASS,4629217,
org.apache.commons.math.stat.inference.TestUtilsTest#testTwoSampleTHomoscedastic,PASS,4007791,
