name,outcome,runtime,stacktrace
org.apache.commons.math.analysis.polynomials.PolynomialsUtilsTest#testChebyshevBounds,PASS,69766267,
org.apache.commons.math.analysis.polynomials.PolynomialsUtilsTest#testChebyshevDifferentials,PASS,6766076,
org.apache.commons.math.analysis.polynomials.PolynomialsUtilsTest#testChebyshevOrthogonality,PASS,48116732,
org.apache.commons.math.analysis.polynomials.PolynomialsUtilsTest#testFirstChebyshevPolynomials,PASS,4014062,
org.apache.commons.math.analysis.polynomials.PolynomialsUtilsTest#testFirstHermitePolynomials,PASS,3805291,
org.apache.commons.math.analysis.polynomials.PolynomialsUtilsTest#testFirstLaguerrePolynomials,PASS,4138175,
org.apache.commons.math.analysis.polynomials.PolynomialsUtilsTest#testFirstLegendrePolynomials,PASS,3619863,
org.apache.commons.math.analysis.polynomials.PolynomialsUtilsTest#testHermiteDifferentials,PASS,3911039,
org.apache.commons.math.analysis.polynomials.PolynomialsUtilsTest#testHermiteOrthogonality,PASS,12340276,
org.apache.commons.math.analysis.polynomials.PolynomialsUtilsTest#testHighDegreeLegendre,PASS,7966139,
org.apache.commons.math.analysis.polynomials.PolynomialsUtilsTest#testJacobiEvaluationAt1,PASS,12476933,
org.apache.commons.math.analysis.polynomials.PolynomialsUtilsTest#testJacobiLegendre,PASS,4573231,
org.apache.commons.math.analysis.polynomials.PolynomialsUtilsTest#testJacobiOrthogonality,PASS,37841140,
org.apache.commons.math.analysis.polynomials.PolynomialsUtilsTest#testLaguerreDifferentials,PASS,4734184,
org.apache.commons.math.analysis.polynomials.PolynomialsUtilsTest#testLaguerreOrthogonality,PASS,13034048,
org.apache.commons.math.analysis.polynomials.PolynomialsUtilsTest#testLegendreDifferentials,PASS,4161439,
org.apache.commons.math.analysis.polynomials.PolynomialsUtilsTest#testLegendreOrthogonality,PASS,7046632,
org.apache.commons.math.analysis.polynomials.PolynomialsUtilsTest#testShift,PASS,5007627,
org.apache.commons.math.distribution.KolmogorovSmirnovDistributionTest#testCumulativeDensityFunction,PASS,22622090,
org.apache.commons.math.fraction.BigFractionFieldTest#testOne,PASS,3624672,
org.apache.commons.math.fraction.BigFractionFieldTest#testZero,PASS,3592982,
org.apache.commons.math.fraction.BigFractionFormatTest#testDoubleFormat,PASS,3363792,
org.apache.commons.math.fraction.BigFractionFormatTest#testFormat,PASS,2927734,
org.apache.commons.math.fraction.BigFractionFormatTest#testFormatImproper,PASS,3026520,
org.apache.commons.math.fraction.BigFractionFormatTest#testFormatImproperNegative,PASS,3092793,
org.apache.commons.math.fraction.BigFractionFormatTest#testFormatNegative,PASS,2894141,
org.apache.commons.math.fraction.BigFractionFormatTest#testFormatZero,PASS,2958552,
org.apache.commons.math.fraction.BigFractionFormatTest#testLongFormat,PASS,2962740,
org.apache.commons.math.fraction.BigFractionFormatTest#testParse,PASS,2641156,
org.apache.commons.math.fraction.BigFractionFormatTest#testParseBig,PASS,3140884,
org.apache.commons.math.fraction.BigFractionFormatTest#testParseInteger,PASS,2549735,
org.apache.commons.math.fraction.BigFractionFormatTest#testParseInvalid,PASS,2274699,
org.apache.commons.math.fraction.BigFractionFormatTest#testParseInvalidDenominator,PASS,2326846,
org.apache.commons.math.fraction.BigFractionFormatTest#testParseNegative,PASS,2583198,
org.apache.commons.math.fraction.BigFractionFormatTest#testParseProper,PASS,2835430,
org.apache.commons.math.fraction.BigFractionFormatTest#testParseProperInvalidMinus,PASS,2197414,
org.apache.commons.math.fraction.BigFractionFormatTest#testParseProperNegative,PASS,2820983,
org.apache.commons.math.fraction.BigFractionTest#testAbs,PASS,1936304,
org.apache.commons.math.fraction.BigFractionTest#testAdd,PASS,2259340,
org.apache.commons.math.fraction.BigFractionTest#testBigDecimalValue,PASS,2016263,
org.apache.commons.math.fraction.BigFractionTest#testCompareTo,PASS,2005824,
org.apache.commons.math.fraction.BigFractionTest#testConstructor,PASS,2747476,
org.apache.commons.math.fraction.BigFractionTest#testConstructorDouble,PASS,2264880,
org.apache.commons.math.fraction.BigFractionTest#testDigitLimitConstructor,PASS,2445108,
org.apache.commons.math.fraction.BigFractionTest#testDivide,PASS,2366140,
org.apache.commons.math.fraction.BigFractionTest#testDoubleConstructor,PASS,2528515,
org.apache.commons.math.fraction.BigFractionTest#testDoubleValue,PASS,2012827,
org.apache.commons.math.fraction.BigFractionTest#testDoubleValueForLargeNumeratorAndDenominator,FAIL,2902015,java.lang.AssertionError: expected:<5.0> but was:<NaN> at org.junit.Assert.fail(Assert.java:88) at org.junit.Assert.failNotEquals(Assert.java:834) at org.junit.Assert.assertEquals(Assert.java:553) at org.junit.Assert.assertEquals(Assert.java:683) at org.apache.commons.math.fraction.BigFractionTest.testDoubleValueForLargeNumeratorAndDenominator(BigFractionTest.java:210) at java.base/jdk.internal.reflect.NativeMethodAccessorImpl.invoke0(Native Method) at java.base/jdk.internal.reflect.NativeMethodAccessorImpl.invoke(NativeMethodAccessorImpl.java:62) at java.base/jdk.internal.reflect.DelegatingMethodAccessorImpl.invoke(DelegatingMethodAccessorImpl.java:43) at java.base/java.lang.reflect.Method.invoke(Method.java:566) at org.junit.runners.model.FrameworkMethod$1.runReflectiveCall(FrameworkMethod.java:50) at org.junit.internal.runners.model.ReflectiveCallable.run(ReflectiveCallable.java:12) at org.junit.runners.model.FrameworkMethod.invokeExplosively(FrameworkMethod.java:47) at org.junit.internal.runners.statements.InvokeMethod.evaluate(InvokeMethod.java:17) at org.junit.runners.ParentRunner.runLeaf(ParentRunner.java:325) at org.junit.runners.BlockJUnit4ClassRunner.runChild(BlockJUnit4ClassRunner.java:78) at org.junit.runners.BlockJUnit4ClassRunner.runChild(BlockJUnit4ClassRunner.java:57) at org.junit.runners.ParentRunner$3.run(ParentRunner.java:290) at org.junit.runners.ParentRunner$1.schedule(ParentRunner.java:71) at org.junit.runners.ParentRunner.runChildren(ParentRunner.java:288) at org.junit.runners.ParentRunner.access$000(ParentRunner.java:58) at org.junit.runners.ParentRunner$2.evaluate(ParentRunner.java:268) at org.junit.runners.ParentRunner.run(ParentRunner.java:363) at org.junit.runner.JUnitCore.run(JUnitCore.java:137) at org.junit.runner.JUnitCore.run(JUnitCore.java:115) at com.gzoltar.internal.core.test.junit.JUnitTestTask.call(JUnitTestTask.java:57) at com.gzoltar.internal.core.test.junit.JUnitTestTask.call(JUnitTestTask.java:25) at java.base/java.util.concurrent.FutureTask.run(FutureTask.java:264) at java.base/java.lang.Thread.run(Thread.java:834)
org.apache.commons.math.fraction.BigFractionTest#testEpsilonLimitConstructor,PASS,2631699,
org.apache.commons.math.fraction.BigFractionTest#testEqualsAndHashCode,PASS,2062641,
org.apache.commons.math.fraction.BigFractionTest#testFloatValue,PASS,2056800,
org.apache.commons.math.fraction.BigFractionTest#testFloatValueForLargeNumeratorAndDenominator,FAIL,2241556,java.lang.AssertionError: expected:<5.0> but was:<NaN> at org.junit.Assert.fail(Assert.java:88) at org.junit.Assert.failNotEquals(Assert.java:834) at org.junit.Assert.assertEquals(Assert.java:553) at org.junit.Assert.assertEquals(Assert.java:683) at org.apache.commons.math.fraction.BigFractionTest.testFloatValueForLargeNumeratorAndDenominator(BigFractionTest.java:222) at java.base/jdk.internal.reflect.NativeMethodAccessorImpl.invoke0(Native Method) at java.base/jdk.internal.reflect.NativeMethodAccessorImpl.invoke(NativeMethodAccessorImpl.java:62) at java.base/jdk.internal.reflect.DelegatingMethodAccessorImpl.invoke(DelegatingMethodAccessorImpl.java:43) at java.base/java.lang.reflect.Method.invoke(Method.java:566) at org.junit.runners.model.FrameworkMethod$1.runReflectiveCall(FrameworkMethod.java:50) at org.junit.internal.runners.model.ReflectiveCallable.run(ReflectiveCallable.java:12) at org.junit.runners.model.FrameworkMethod.invokeExplosively(FrameworkMethod.java:47) at org.junit.internal.runners.statements.InvokeMethod.evaluate(InvokeMethod.java:17) at org.junit.runners.ParentRunner.runLeaf(ParentRunner.java:325) at org.junit.runners.BlockJUnit4ClassRunner.runChild(BlockJUnit4ClassRunner.java:78) at org.junit.runners.BlockJUnit4ClassRunner.runChild(BlockJUnit4ClassRunner.java:57) at org.junit.runners.ParentRunner$3.run(ParentRunner.java:290) at org.junit.runners.ParentRunner$1.schedule(ParentRunner.java:71) at org.junit.runners.ParentRunner.runChildren(ParentRunner.java:288) at org.junit.runners.ParentRunner.access$000(ParentRunner.java:58) at org.junit.runners.ParentRunner$2.evaluate(ParentRunner.java:268) at org.junit.runners.ParentRunner.run(ParentRunner.java:363) at org.junit.runner.JUnitCore.run(JUnitCore.java:137) at org.junit.runner.JUnitCore.run(JUnitCore.java:115) at com.gzoltar.internal.core.test.junit.JUnitTestTask.call(JUnitTestTask.java:57) at com.gzoltar.internal.core.test.junit.JUnitTestTask.call(JUnitTestTask.java:25) at java.base/java.util.concurrent.FutureTask.run(FutureTask.java:264) at java.base/java.lang.Thread.run(Thread.java:834)
org.apache.commons.math.fraction.BigFractionTest#testGetReducedFraction,PASS,2160564,
org.apache.commons.math.fraction.BigFractionTest#testGoldenRatio,PASS,2566286,
org.apache.commons.math.fraction.BigFractionTest#testIntValue,PASS,1990425,
org.apache.commons.math.fraction.BigFractionTest#testLongValue,PASS,2026723,
org.apache.commons.math.fraction.BigFractionTest#testMath340,PASS,2004461,
org.apache.commons.math.fraction.BigFractionTest#testMultiply,PASS,2260882,
org.apache.commons.math.fraction.BigFractionTest#testNegate,PASS,2151918,
org.apache.commons.math.fraction.BigFractionTest#testPercentage,PASS,2034988,
org.apache.commons.math.fraction.BigFractionTest#testPow,PASS,2310716,
org.apache.commons.math.fraction.BigFractionTest#testReciprocal,PASS,2172767,
org.apache.commons.math.fraction.BigFractionTest#testSerial,PASS,5148471,
org.apache.commons.math.fraction.BigFractionTest#testSubtract,PASS,2300878,
org.apache.commons.math.linear.MatrixUtilsTest#testBigFractionConverter,PASS,3990488,
org.apache.commons.math.linear.MatrixUtilsTest#testCreateColumnFieldMatrix,PASS,3249798,
org.apache.commons.math.linear.MatrixUtilsTest#testCreateColumnRealMatrix,PASS,3408296,
org.apache.commons.math.linear.MatrixUtilsTest#testCreateIdentityMatrix,PASS,3186149,
org.apache.commons.math.linear.MatrixUtilsTest#testCreateRealMatrix,PASS,3534623,
org.apache.commons.math.linear.MatrixUtilsTest#testCreateRowFieldMatrix,PASS,3150662,
org.apache.commons.math.linear.MatrixUtilsTest#testCreateRowRealMatrix,PASS,3390092,
org.apache.commons.math.linear.MatrixUtilsTest#testFractionConverter,PASS,1833971,
org.apache.commons.math.linear.MatrixUtilsTest#testcreateFieldIdentityMatrix,PASS,3670407,
org.apache.commons.math.linear.MatrixUtilsTest#testcreateFieldMatrix,PASS,3155471,
org.apache.commons.math.ode.nonstiff.AdamsBashforthIntegratorTest#backward,PASS,14592624,
org.apache.commons.math.ode.nonstiff.AdamsBashforthIntegratorTest#dimensionCheck,PASS,7399545,
org.apache.commons.math.ode.nonstiff.AdamsBashforthIntegratorTest#exceedMaxEvaluations,PASS,13538745,
org.apache.commons.math.ode.nonstiff.AdamsBashforthIntegratorTest#polynomial,PASS,12384109,
org.apache.commons.math.ode.nonstiff.AdamsBashforthIntegratorTest#testIncreasingTolerance,PASS,18739815,
org.apache.commons.math.ode.nonstiff.AdamsBashforthIntegratorTest#testMinStep,PASS,8433786,
org.apache.commons.math.ode.nonstiff.AdamsMoultonIntegratorTest#backward,PASS,14225714,
org.apache.commons.math.ode.nonstiff.AdamsMoultonIntegratorTest#dimensionCheck,PASS,7517476,
org.apache.commons.math.ode.nonstiff.AdamsMoultonIntegratorTest#exceedMaxEvaluations,PASS,13342248,
org.apache.commons.math.ode.nonstiff.AdamsMoultonIntegratorTest#polynomial,PASS,12511168,
org.apache.commons.math.ode.nonstiff.AdamsMoultonIntegratorTest#testIncreasingTolerance,PASS,18675555,
org.apache.commons.math.ode.nonstiff.AdamsMoultonIntegratorTest#testMinStep,PASS,8155794,
org.apache.commons.math.ode.sampling.NordsieckStepInterpolatorTest#derivativesConsistency,PASS,15102270,
org.apache.commons.math.ode.sampling.NordsieckStepInterpolatorTest#serialization,PASS,18756798,
